

times in msec
 clock   self+sourced   self:  sourced script
 clock   elapsed:              other lines

000.005  000.005: --- NVIM STARTING ---
000.182  000.177: locale set
000.388  000.206: inits 1
000.394  000.006: window checked
000.396  000.002: parsing arguments
000.452  000.057: expanding arguments
000.479  000.027: inits 2
000.809  000.329: init highlight
000.876  000.067: waiting for UI
001.532  000.657: done waiting for UI
001.551  000.019: initialized screen early for UI
002.794  001.131  001.131: sourcing /home/xuw/.config/nvim/autoload/plug.vim
010.884  000.124  000.124: sourcing /home/xuw/.config/nvim/ftdetect/mkd.vim
010.921  000.009  000.009: sourcing /home/xuw/.vim/plugged/vim-vue/ftdetect/vue.vim
010.966  000.011  000.011: sourcing /home/xuw/.vim/plugged/typescript-vim/ftdetect/typescript.vim
011.022  000.012  000.012: sourcing /home/xuw/.vim/plugged/ultisnips/ftdetect/snippets.vim
011.189  000.139  000.139: sourcing /home/xuw/.vim/plugged/vim-glsl/ftdetect/glsl.vim
011.262  000.007  000.007: sourcing /home/xuw/.vim/plugged/vim-fugitive/ftdetect/fugitive.vim
011.376  005.345  005.044: sourcing /usr/share/nvim/runtime/filetype.vim
011.512  000.032  000.032: sourcing /usr/share/nvim/runtime/ftplugin.vim
011.662  000.022  000.022: sourcing /usr/share/nvim/runtime/indent.vim
012.212  000.248  000.248: sourcing /usr/share/nvim/runtime/syntax/syncolor.vim
012.339  000.526  000.278: sourcing /usr/share/nvim/runtime/syntax/synload.vim
012.364  000.656  000.130: sourcing /usr/share/nvim/runtime/syntax/syntax.vim
012.375  010.748  003.561: sourcing /home/xuw/.vim/vim-plug.vim
014.353  000.131  000.131: sourcing /usr/share/nvim/runtime/syntax/nosyntax.vim
014.646  000.113  000.113: sourcing /usr/share/nvim/runtime/syntax/syncolor.vim
014.731  000.291  000.178: sourcing /usr/share/nvim/runtime/syntax/synload.vim
014.748  000.550  000.128: sourcing /usr/share/nvim/runtime/syntax/syntax.vim
014.832  000.007  000.007: sourcing /usr/share/nvim/runtime/filetype.vim
014.939  000.006  000.006: sourcing /usr/share/nvim/runtime/ftplugin.vim
015.042  000.006  000.006: sourcing /usr/share/nvim/runtime/indent.vim
015.649  000.127  000.127: sourcing /usr/share/nvim/runtime/syntax/syncolor.vim
016.064  000.109  000.109: sourcing /usr/share/nvim/runtime/syntax/syncolor.vim
016.221  000.064  000.064: sourcing /home/xuw/.vim/plugged/dracula/autoload/dracula.vim
018.658  003.429  003.129: sourcing /home/xuw/.vim/plugged/dracula/colors/dracula.vim
019.158  000.138  000.138: sourcing /usr/share/nvim/runtime/syntax/syncolor.vim
019.657  000.123  000.123: sourcing /usr/share/nvim/runtime/syntax/syncolor.vim
022.051  003.336  003.075: sourcing /home/xuw/.vim/plugged/dracula/colors/dracula.vim
022.092  020.478  002.398: sourcing /home/xuw/.vim/sane_vimrc
022.822  000.070  000.070: sourcing /home/xuw/.vim/plugged/vim-airline/autoload/airline/init.vim
023.167  000.062  000.062: sourcing /home/xuw/.vim/plugged/vim-airline/autoload/airline/parts.vim
023.860  001.173  001.042: sourcing /home/xuw/.vim/plugged/vim-airline/autoload/airline/section.vim
024.056  022.458  000.807: sourcing /home/xuw/.config/nvim/init.vim
024.058  000.049: sourcing vimrc file(s)
024.328  000.089  000.089: sourcing /home/xuw/.vim/plugged/coc.nvim/autoload/coc/rpc.vim
024.794  000.431  000.431: sourcing /home/xuw/.vim/plugged/coc.nvim/autoload/coc/util.vim
025.030  000.132  000.132: sourcing /home/xuw/.vim/plugged/coc.nvim/autoload/coc/client.vim
027.962  003.773  003.121: sourcing /home/xuw/.vim/plugged/coc.nvim/plugin/coc.vim
028.249  000.201  000.201: sourcing /home/xuw/.vim/plugged/Colorizer/plugin/ColorizerPlugin.vim
028.437  000.135  000.135: sourcing /home/xuw/.vim/plugged/vim-tmux-navigator/plugin/tmux_navigator.vim
030.849  002.367  002.367: sourcing /home/xuw/.vim/plugged/vim-tmux-clipboard/plugin/vimtmuxclipboard.vim
031.094  000.195  000.195: sourcing /home/xuw/.vim/plugged/vim-gutentags/plugin/gutentags.vim
031.547  000.418  000.418: sourcing /home/xuw/.fzf/plugin/fzf.vim
032.199  000.612  000.612: sourcing /home/xuw/.vim/plugged/fzf.vim/plugin/fzf.vim
032.449  000.065  000.065: sourcing /home/xuw/.vim/plugged/ultisnips/autoload/UltiSnips/map_keys.vim
032.523  000.282  000.216: sourcing /home/xuw/.vim/plugged/ultisnips/plugin/UltiSnips.vim
032.599  000.027  000.027: sourcing /home/xuw/.vim/plugged/vim-snippets/plugin/vimsnippets.vim
033.525  000.863  000.863: sourcing /home/xuw/.vim/plugged/tagbar/plugin/tagbar.vim
033.612  000.034  000.034: sourcing /home/xuw/.vim/plugged/vim-airline-themes/plugin/airline-themes.vim
034.136  000.116  000.116: sourcing /home/xuw/.vim/plugged/nerdtree/autoload/nerdtree.vim
035.022  000.324  000.324: sourcing /home/xuw/.vim/plugged/nerdtree/lib/nerdtree/path.vim
035.170  000.084  000.084: sourcing /home/xuw/.vim/plugged/nerdtree/lib/nerdtree/menu_controller.vim
035.277  000.048  000.048: sourcing /home/xuw/.vim/plugged/nerdtree/lib/nerdtree/menu_item.vim
035.398  000.065  000.065: sourcing /home/xuw/.vim/plugged/nerdtree/lib/nerdtree/key_map.vim
035.595  000.139  000.139: sourcing /home/xuw/.vim/plugged/nerdtree/lib/nerdtree/bookmark.vim
035.791  000.133  000.133: sourcing /home/xuw/.vim/plugged/nerdtree/lib/nerdtree/tree_file_node.vim
036.126  000.275  000.275: sourcing /home/xuw/.vim/plugged/nerdtree/lib/nerdtree/tree_dir_node.vim
036.300  000.116  000.116: sourcing /home/xuw/.vim/plugged/nerdtree/lib/nerdtree/opener.vim
036.504  000.144  000.144: sourcing /home/xuw/.vim/plugged/nerdtree/lib/nerdtree/creator.vim
036.592  000.030  000.030: sourcing /home/xuw/.vim/plugged/nerdtree/lib/nerdtree/flag_set.vim
036.736  000.087  000.087: sourcing /home/xuw/.vim/plugged/nerdtree/lib/nerdtree/nerdtree.vim
036.982  000.191  000.191: sourcing /home/xuw/.vim/plugged/nerdtree/lib/nerdtree/ui.vim
037.053  000.012  000.012: sourcing /home/xuw/.vim/plugged/nerdtree/lib/nerdtree/event.vim
037.140  000.029  000.029: sourcing /home/xuw/.vim/plugged/nerdtree/lib/nerdtree/notifier.vim
037.671  000.467  000.467: sourcing /home/xuw/.vim/plugged/nerdtree/autoload/nerdtree/ui_glue.vim
039.999  000.093  000.093: sourcing /home/xuw/.vim/plugged/nerdtree/nerdtree_plugin/exec_menuitem.vim
040.584  000.208  000.208: sourcing /usr/share/nvim/runtime/autoload/provider/clipboard.vim
040.915  000.903  000.695: sourcing /home/xuw/.vim/plugged/nerdtree/nerdtree_plugin/fs_menu.vim
040.998  000.058  000.058: sourcing /home/xuw/.vim/plugged/nerdtree/nerdtree_plugin/vcs.vim
041.479  000.386  000.386: sourcing /home/xuw/.vim/plugged/vim-devicons/nerdtree_plugin/webdevicons.vim
041.652  007.992  004.294: sourcing /home/xuw/.vim/plugged/nerdtree/plugin/NERD_tree.vim
045.177  003.485  003.485: sourcing /home/xuw/.vim/plugged/nerdcommenter/plugin/NERD_commenter.vim
046.782  001.561  001.561: sourcing /home/xuw/.vim/plugged/vim-devicons/plugin/webdevicons.vim
047.288  000.114  000.114: sourcing /home/xuw/.vim/plugged/vim-airline/autoload/airline/util.vim
047.341  000.512  000.398: sourcing /home/xuw/.vim/plugged/vim-airline/plugin/airline.vim
047.485  000.089  000.089: sourcing /home/xuw/.vim/plugged/vim-startify/plugin/startify.vim
048.620  001.086  001.086: sourcing /home/xuw/.vim/plugged/vim-fugitive/plugin/fugitive.vim
048.970  000.141  000.141: sourcing /usr/share/nvim/runtime/plugin/gzip.vim
048.996  000.008  000.008: sourcing /usr/share/nvim/runtime/plugin/health.vim
049.066  000.053  000.053: sourcing /usr/share/nvim/runtime/plugin/man.vim
049.553  000.189  000.189: sourcing /usr/share/nvim/runtime/pack/dist/opt/matchit/plugin/matchit.vim
049.597  000.515  000.326: sourcing /usr/share/nvim/runtime/plugin/matchit.vim
049.724  000.114  000.114: sourcing /usr/share/nvim/runtime/plugin/matchparen.vim
050.106  000.366  000.366: sourcing /usr/share/nvim/runtime/plugin/netrwPlugin.vim
050.250  000.110  000.110: sourcing /usr/share/nvim/runtime/plugin/rplugin.vim
050.351  000.079  000.079: sourcing /usr/share/nvim/runtime/plugin/shada.vim
050.392  000.017  000.017: sourcing /usr/share/nvim/runtime/plugin/spellfile.vim
050.525  000.114  000.114: sourcing /usr/share/nvim/runtime/plugin/tarPlugin.vim
050.616  000.070  000.070: sourcing /usr/share/nvim/runtime/plugin/tohtml.vim
050.656  000.016  000.016: sourcing /usr/share/nvim/runtime/plugin/tutor.vim
050.813  000.132  000.132: sourcing /usr/share/nvim/runtime/plugin/zipPlugin.vim
050.827  001.403: loading plugins
050.899  000.072: loading packages
051.075  000.071  000.071: sourcing /home/xuw/.vim/plugged/ultisnips/after/plugin/UltiSnips_after.vim
051.180  000.048  000.048: sourcing /home/xuw/.vim/plugged/dracula/after/plugin/dracula.vim
051.532  000.302  000.302: sourcing /home/xuw/.vim/plugged/indentLine/after/plugin/indentLine.vim
051.543  000.223: loading after plugins
051.556  000.013: inits 3
052.908  001.352: reading ShaDa
053.422  000.188  000.188: sourcing /home/xuw/.vim/plugged/vim-airline/autoload/airline/extensions.vim
053.570  000.038  000.038: sourcing /home/xuw/.vim/plugged/vim-airline/autoload/airline/extensions/quickfix.vim
053.765  000.119  000.119: sourcing /home/xuw/.vim/plugged/vim-airline/autoload/airline.vim
053.916  000.024  000.024: sourcing /home/xuw/.vim/plugged/vim-airline/autoload/airline/extensions/netrw.vim
054.352  000.139  000.139: sourcing /home/xuw/.vim/plugged/vim-airline/autoload/airline/highlighter.vim
054.487  000.465  000.326: sourcing /home/xuw/.vim/plugged/vim-airline/autoload/airline/extensions/term.vim
054.712  000.073  000.073: sourcing /home/xuw/.vim/plugged/vim-airline/autoload/airline/extensions/hunks.vim
054.865  000.040  000.040: sourcing /home/xuw/.vim/plugged/vim-airline/autoload/airline/extensions/tagbar.vim
055.166  000.148  000.148: sourcing /home/xuw/.vim/plugged/vim-airline/autoload/airline/extensions/branch.vim
055.343  000.035  000.035: sourcing /home/xuw/.vim/plugged/vim-airline/autoload/airline/extensions/fugitiveline.vim
055.537  000.035  000.035: sourcing /home/xuw/.vim/plugged/vim-airline/autoload/airline/extensions/coc.vim
055.778  000.063  000.063: sourcing /home/xuw/.vim/plugged/vim-airline/autoload/airline/extensions/wordcount.vim
055.996  000.114  000.114: sourcing /home/xuw/.vim/plugged/vim-airline/autoload/airline/extensions/tabline.vim
056.141  000.034  000.034: sourcing /home/xuw/.vim/plugged/vim-airline/autoload/airline/extensions/tabline/autoshow.vim
056.355  000.062  000.062: sourcing /home/xuw/.vim/plugged/vim-airline/autoload/airline/extensions/tabline/tabs.vim
056.591  000.113  000.113: sourcing /home/xuw/.vim/plugged/vim-airline/autoload/airline/extensions/tabline/buffers.vim
056.799  000.019  000.019: sourcing /home/xuw/.vim/plugged/vim-airline/autoload/airline/extensions/gutentags.vim
056.934  000.017  000.017: sourcing /home/xuw/.vim/plugged/vim-airline/autoload/airline/extensions/keymap.vim
060.831  000.037  000.037: sourcing /home/xuw/.vim/plugged/vim-airline/autoload/airline/themes.vim
061.829  001.213  001.177: sourcing /home/xuw/.vim/plugged/dracula/autoload/airline/themes/dracula.vim
064.220  001.085  001.085: sourcing /home/xuw/.vim/plugged/dracula/autoload/airline/themes/dracula.vim
077.446  000.107  000.107: sourcing /home/xuw/.vim/plugged/vim-airline/autoload/airline/builder.vim
077.773  000.057  000.057: sourcing /home/xuw/.vim/plugged/vim-airline/autoload/airline/extensions/default.vim
094.498  037.540: opening buffers
094.610  000.111: BufEnter autocommands
094.612  000.002: editing files in windows
095.198  000.308  000.308: sourcing /home/xuw/.vim/plugged/vim-gutentags/autoload/gutentags.vim
095.823  000.444  000.444: sourcing /home/xuw/.vim/plugged/vim-startify/autoload/startify.vim
095.999  000.039  000.039: sourcing /home/xuw/.vim/plugged/vim-airline/autoload/airline/extensions/tabline/buflist.vim
096.484  000.360  000.360: sourcing /home/xuw/.vim/plugged/vim-startify/autoload/startify/fortune.vim
108.930  000.166  000.166: sourcing /home/xuw/.vim/plugged/vim-startify/syntax/startify.vim
111.479  015.550: VimEnter autocommands
111.481  000.003: UIEnter autocommands
111.484  000.002: before starting main loop
111.958  000.073  000.073: sourcing /home/xuw/.vim/plugged/vim-airline/autoload/airline/extensions/tabline/ctrlspace.vim
112.122  000.070  000.070: sourcing /home/xuw/.vim/plugged/vim-airline/autoload/airline/extensions/tabline/tabws.vim
112.374  000.093  000.093: sourcing /home/xuw/.vim/plugged/vim-airline/autoload/airline/extensions/tabline/builder.vim
125.110  013.391: first screen update
125.113  000.002: --- NVIM STARTED ---
